<?xml version="1.0" encoding="UTF-8"?>
<!-- Generated by org.testng.reporters.JUnitReportReporter -->
<testsuite hostname="systems-MacBook-Pro-3.local" failures="0" tests="1" name="com.amazon.qa.testcases.ShoppingCartPageTest" time="39.684" errors="0" timestamp="2 Jun 2019 20:39:47 GMT">
  <testcase classname="com.amazon.qa.testcases.ShoppingCartPageTest" name="shoppingCartTest" time="39.684"/>
</testsuite> <!-- com.amazon.qa.testcases.ShoppingCartPageTest -->
