<?xml version="1.0" encoding="UTF-8"?>
<!-- Generated by org.testng.reporters.JUnitReportReporter -->
<testsuite hostname="systems-MacBook-Pro-3.local" failures="0" tests="2" name="com.amazon.qa.testcases.HomePageTest" time="79.891" errors="0" timestamp="2 Jun 2019 20:39:47 GMT">
  <testcase classname="com.amazon.qa.testcases.HomePageTest" name="logOutTest" time="39.670"/>
  <testcase classname="com.amazon.qa.testcases.HomePageTest" name="loginTest" time="40.221"/>
</testsuite> <!-- com.amazon.qa.testcases.HomePageTest -->
