<?xml version="1.0" encoding="UTF-8"?>
<!-- Generated by org.testng.reporters.JUnitReportReporter -->
<testsuite hostname="systems-MacBook-Pro-3.local" failures="0" tests="1" name="com.amazon.qa.testcases.ShoppingCartPageTest" time="45.671" errors="0" timestamp="2 Jun 2019 19:58:37 GMT">
  <testcase classname="com.amazon.qa.testcases.ShoppingCartPageTest" name="shoppingCartTest" time="45.671"/>
</testsuite> <!-- com.amazon.qa.testcases.ShoppingCartPageTest -->
