<?xml version="1.0" encoding="UTF-8"?>
<!-- Generated by org.testng.reporters.JUnitReportReporter -->
<testsuite hostname="systems-MacBook-Pro-3.local" failures="0" tests="2" name="com.amazon.qa.testcases.HomePageTest" time="77.763" errors="0" timestamp="2 Jun 2019 19:58:37 GMT">
  <testcase classname="com.amazon.qa.testcases.HomePageTest" name="loginTest" time="38.209"/>
  <testcase classname="com.amazon.qa.testcases.HomePageTest" name="logOutTest" time="39.554"/>
</testsuite> <!-- com.amazon.qa.testcases.HomePageTest -->
