<?xml version="1.0" encoding="UTF-8"?>
<!-- Generated by org.testng.reporters.JUnitReportReporter -->
<testsuite hostname="systems-MacBook-Pro-3.local" failures="0" tests="2" name="com.amazon.qa.testcases.HomePageTest" time="77.373" errors="0" timestamp="2 Jun 2019 20:35:17 GMT">
  <testcase classname="com.amazon.qa.testcases.HomePageTest" name="loginTest" time="37.262"/>
  <testcase classname="com.amazon.qa.testcases.HomePageTest" name="logOutTest" time="40.111"/>
</testsuite> <!-- com.amazon.qa.testcases.HomePageTest -->
